# JRE version: Java(TM) SE Runtime Environment (8.0_102-b14) (build 1.8.0_102-b14)
# Java VM: Java HotSpot(TM) 64-Bit Server VM (25.102-b14 mixed mode windows-amd64 compressed oops)
Heap:
 PSYoungGen      total 230400K, used 128512K [0x00000000eab00000, 0x00000000ff580000, 0x0000000100000000)
  eden space 128512K, 100% used [0x00000000eab00000,0x00000000f2880000,0x00000000f2880000)
  from space 101888K, 0% used [0x00000000f2880000,0x00000000f2880000,0x00000000f8c00000)
  to   space 98816K, 0% used [0x00000000f9500000,0x00000000f9500000,0x00000000ff580000)
 ParOldGen       total 699392K, used 699367K [0x00000000c0000000, 0x00000000eab00000, 0x00000000eab00000)
  object space 699392K, 99% used [0x00000000c0000000,0x00000000eaaf9c08,0x00000000eab00000)
 Metaspace       used 36552K, capacity 37198K, committed 38144K, reserved 1081344K
  class space    used 5026K, capacity 5211K, committed 5376K, reserved 1048576K
GC Heap History (10 events):
Event: 5008.696 GC heap after
Heap after GC invocations=1142 (full 1091):
 PSYoungGen      total 230400K, used 126852K [0x00000000eab00000, 0x00000000ff580000, 0x0000000100000000)
  eden space 128512K, 98% used [0x00000000eab00000,0x00000000f26e1308,0x00000000f2880000)
  from space 101888K, 0% used [0x00000000f2880000,0x00000000f2880000,0x00000000f8c00000)
  to   space 98816K, 0% used [0x00000000f9500000,0x00000000f9500000,0x00000000ff580000)
 ParOldGen       total 699392K, used 699099K [0x00000000c0000000, 0x00000000eab00000, 0x00000000eab00000)
  object space 699392K, 99% used [0x00000000c0000000,0x00000000eaab6e48,0x00000000eab00000)
 Metaspace       used 36552K, capacity 37198K, committed 38144K, reserved 1081344K
  class space    used 5026K, capacity 5211K, committed 5376K, reserved 1048576K
}
Event: 5008.798 GC heap before
{Heap before GC invocations=1143 (full 1092):
 PSYoungGen      total 230400K, used 128512K [0x00000000eab00000, 0x00000000ff580000, 0x0000000100000000)
  eden space 128512K, 100% used [0x00000000eab00000,0x00000000f2880000,0x00000000f2880000)
  from space 101888K, 0% used [0x00000000f2880000,0x00000000f2880000,0x00000000f8c00000)
  to   space 98816K, 0% used [0x00000000f9500000,0x00000000f9500000,0x00000000ff580000)
 ParOldGen       total 699392K, used 699099K [0x00000000c0000000, 0x00000000eab00000, 0x00000000eab00000)
  object space 699392K, 99% used [0x00000000c0000000,0x00000000eaab6e48,0x00000000eab00000)
 Metaspace       used 36552K, capacity 37198K, committed 38144K, reserved 1081344K
  class space    used 5026K, capacity 5211K, committed 5376K, reserved 1048576K
Event: 5014.919 GC heap after
Heap after GC invocations=1143 (full 1092):
 PSYoungGen      total 230400K, used 127043K [0x00000000eab00000, 0x00000000ff580000, 0x0000000100000000)
  eden space 128512K, 98% used [0x00000000eab00000,0x00000000f2710dc8,0x00000000f2880000)
  from space 101888K, 0% used [0x00000000f2880000,0x00000000f2880000,0x00000000f8c00000)
  to   space 98816K, 0% used [0x00000000f9500000,0x00000000f9500000,0x00000000ff580000)
 ParOldGen       total 699392K, used 698881K [0x00000000c0000000, 0x00000000eab00000, 0x00000000eab00000)
  object space 699392K, 99% used [0x00000000c0000000,0x00000000eaa80478,0x00000000eab00000)
 Metaspace       used 36552K, capacity 37198K, committed 38144K, reserved 1081344K
  class space    used 5026K, capacity 5211K, committed 5376K, reserved 1048576K
}
Event: 5015.306 GC heap before
{Heap before GC invocations=1144 (full 1093):
 PSYoungGen      total 230400K, used 128512K [0x00000000eab00000, 0x00000000ff580000, 0x0000000100000000)
  eden space 128512K, 100% used [0x00000000eab00000,0x00000000f2880000,0x00000000f2880000)
  from space 101888K, 0% used [0x00000000f2880000,0x00000000f2880000,0x00000000f8c00000)
  to   space 98816K, 0% used [0x00000000f9500000,0x00000000f9500000,0x00000000ff580000)
 ParOldGen       total 699392K, used 698881K [0x00000000c0000000, 0x00000000eab00000, 0x00000000eab00000)
  object space 699392K, 99% used [0x00000000c0000000,0x00000000eaa80478,0x00000000eab00000)
 Metaspace       used 36552K, capacity 37198K, committed 38144K, reserved 1081344K
  class space    used 5026K, capacity 5211K, committed 5376K, reserved 1048576K
Event: 5021.979 GC heap after
Heap after GC invocations=1144 (full 1093):
 PSYoungGen      total 230400K, used 126698K [0x00000000eab00000, 0x00000000ff580000, 0x0000000100000000)
  eden space 128512K, 98% used [0x00000000eab00000,0x00000000f26baa90,0x00000000f2880000)
  from space 101888K, 0% used [0x00000000f2880000,0x00000000f2880000,0x00000000f8c00000)
  to   space 98816K, 0% used [0x00000000f9500000,0x00000000f9500000,0x00000000ff580000)
 ParOldGen       total 699392K, used 699208K [0x00000000c0000000, 0x00000000eab00000, 0x00000000eab00000)
  object space 699392K, 99% used [0x00000000c0000000,0x00000000eaad2228,0x00000000eab00000)
 Metaspace       used 36552K, capacity 37198K, committed 38144K, reserved 1081344K
  class space    used 5026K, capacity 5211K, committed 5376K, reserved 1048576K
}
Event: 5022.239 GC heap before
{Heap before GC invocations=1145 (full 1094):
 PSYoungGen      total 230400K, used 128512K [0x00000000eab00000, 0x00000000ff580000, 0x0000000100000000)
  eden space 128512K, 100% used [0x00000000eab00000,0x00000000f2880000,0x00000000f2880000)
  from space 101888K, 0% used [0x00000000f2880000,0x00000000f2880000,0x00000000f8c00000)
  to   space 98816K, 0% used [0x00000000f9500000,0x00000000f9500000,0x00000000ff580000)
 ParOldGen       total 699392K, used 699208K [0x00000000c0000000, 0x00000000eab00000, 0x00000000eab00000)
  object space 699392K, 99% used [0x00000000c0000000,0x00000000eaad2228,0x00000000eab00000)
 Metaspace       used 36552K, capacity 37198K, committed 38144K, reserved 1081344K
  class space    used 5026K, capacity 5211K, committed 5376K, reserved 1048576K
Event: 5031.611 GC heap after
Heap after GC invocations=1145 (full 1094):
 PSYoungGen      total 230400K, used 126912K [0x00000000eab00000, 0x00000000ff580000, 0x0000000100000000)
  eden space 128512K, 98% used [0x00000000eab00000,0x00000000f26f01c8,0x00000000f2880000)
  from space 101888K, 0% used [0x00000000f2880000,0x00000000f2880000,0x00000000f8c00000)
  to   space 98816K, 0% used [0x00000000f9500000,0x00000000f9500000,0x00000000ff580000)
 ParOldGen       total 699392K, used 698990K [0x00000000c0000000, 0x00000000eab00000, 0x00000000eab00000)
  object space 699392K, 99% used [0x00000000c0000000,0x00000000eaa9b9b8,0x00000000eab00000)
 Metaspace       used 36552K, capacity 37198K, committed 38144K, reserved 1081344K
  class space    used 5026K, capacity 5211K, committed 5376K, reserved 1048576K
}
Event: 5031.658 GC heap before
{Heap before GC invocations=1146 (full 1095):
 PSYoungGen      total 230400K, used 128512K [0x00000000eab00000, 0x00000000ff580000, 0x0000000100000000)
  eden space 128512K, 100% used [0x00000000eab00000,0x00000000f2880000,0x00000000f2880000)
  from space 101888K, 0% used [0x00000000f2880000,0x00000000f2880000,0x00000000f8c00000)
  to   space 98816K, 0% used [0x00000000f9500000,0x00000000f9500000,0x00000000ff580000)
 ParOldGen       total 699392K, used 698990K [0x00000000c0000000, 0x00000000eab00000, 0x00000000eab00000)
  object space 699392K, 99% used [0x00000000c0000000,0x00000000eaa9b9b8,0x00000000eab00000)
 Metaspace       used 36552K, capacity 37198K, committed 38144K, reserved 1081344K
  class space    used 5026K, capacity 5211K, committed 5376K, reserved 1048576K
Event: 5038.613 GC heap after
Heap after GC invocations=1146 (full 1095):
 PSYoungGen      total 230400K, used 126583K [0x00000000eab00000, 0x00000000ff580000, 0x0000000100000000)
  eden space 128512K, 98% used [0x00000000eab00000,0x00000000f269dfc8,0x00000000f2880000)
  from space 101888K, 0% used [0x00000000f2880000,0x00000000f2880000,0x00000000f8c00000)
  to   space 98816K, 0% used [0x00000000f9500000,0x00000000f9500000,0x00000000ff580000)
 ParOldGen       total 699392K, used 699367K [0x00000000c0000000, 0x00000000eab00000, 0x00000000eab00000)
  object space 699392K, 99% used [0x00000000c0000000,0x00000000eaaf9c08,0x00000000eab00000)
 Metaspace       used 36552K, capacity 37198K, committed 38144K, reserved 1081344K
  class space    used 5026K, capacity 5211K, committed 5376K, reserved 1048576K
}
Event: 5038.700 GC heap before
{Heap before GC invocations=1147 (full 1096):
 PSYoungGen      total 230400K, used 128512K [0x00000000eab00000, 0x00000000ff580000, 0x0000000100000000)
  eden space 128512K, 100% used [0x00000000eab00000,0x00000000f2880000,0x00000000f2880000)
  from space 101888K, 0% used [0x00000000f2880000,0x00000000f2880000,0x00000000f8c00000)
  to   space 98816K, 0% used [0x00000000f9500000,0x00000000f9500000,0x00000000ff580000)
 ParOldGen       total 699392K, used 699367K [0x00000000c0000000, 0x00000000eab00000, 0x00000000eab00000)
  object space 699392K, 99% used [0x00000000c0000000,0x00000000eaaf9c08,0x00000000eab00000)
 Metaspace       used 36552K, capacity 37198K, committed 38144K, reserved 1081344K
  class space    used 5026K, capacity 5211K, committed 5376K, reserved 1048576K

